<?xml version="1.0" encoding="UTF-8"?>
<!-- Generated by org.testng.reporters.JUnitReportReporter -->
<testsuite hostname="DESKTOP-36H0BPK" failures="0" tests="1" name="seleniumpkg.NewClasstestng" time="0.011" errors="0" timestamp="2024-01-18T22:55:47 IST" skipped="0">
  <testcase classname="seleniumpkg.NewClasstestng" name="testa" time="0.011"/>
  <system-out/>
</testsuite> <!-- seleniumpkg.NewClasstestng -->
